2026-01-21 10:47:54,066 [INFO] Connecting to 149.154.167.91:443/TcpFull...
2026-01-21 10:47:54,252 [INFO] Connection to 149.154.167.91:443/TcpFull complete!
2026-01-21 10:47:55,269 [INFO] Starting full scrape
2026-01-21 10:47:55,271 [INFO] Scraping channel: lobelia4cosmetics
2026-01-21 10:47:55,989 [INFO] Starting direct file download in chunks of 131072 at 0, stride 131072
2026-01-21 10:47:57,084 [INFO] Starting direct file download in chunks of 131072 at 0, stride 131072
2026-01-21 10:47:57,614 [INFO] Starting direct file download in chunks of 131072 at 0, stride 131072
2026-01-21 10:47:57,967 [INFO] Starting direct file download in chunks of 131072 at 0, stride 131072
2026-01-21 10:47:58,219 [INFO] Starting direct file download in chunks of 131072 at 0, stride 131072
2026-01-21 10:47:58,612 [INFO] Starting direct file download in chunks of 131072 at 0, stride 131072
2026-01-21 10:47:59,062 [INFO] Starting direct file download in chunks of 131072 at 0, stride 131072
2026-01-21 10:47:59,298 [INFO] Starting direct file download in chunks of 131072 at 0, stride 131072
2026-01-21 10:47:59,881 [INFO] Starting direct file download in chunks of 131072 at 0, stride 131072
2026-01-21 10:48:00,310 [INFO] Starting direct file download in chunks of 131072 at 0, stride 131072
2026-01-21 10:48:00,804 [INFO] Starting direct file download in chunks of 131072 at 0, stride 131072
2026-01-21 10:48:00,979 [INFO] Starting direct file download in chunks of 131072 at 0, stride 131072
2026-01-21 10:48:01,143 [INFO] Starting direct file download in chunks of 131072 at 0, stride 131072
2026-01-21 10:48:01,925 [INFO] Starting direct file download in chunks of 131072 at 0, stride 131072
2026-01-21 10:48:02,486 [INFO] Starting direct file download in chunks of 131072 at 0, stride 131072
2026-01-21 10:48:02,884 [INFO] Starting direct file download in chunks of 131072 at 0, stride 131072
2026-01-21 10:48:03,490 [INFO] Starting direct file download in chunks of 131072 at 0, stride 131072
2026-01-21 10:48:04,042 [INFO] Starting direct file download in chunks of 131072 at 0, stride 131072
2026-01-21 10:48:04,628 [INFO] Starting direct file download in chunks of 131072 at 0, stride 131072
2026-01-21 10:48:05,113 [INFO] Starting direct file download in chunks of 131072 at 0, stride 131072
2026-01-21 10:48:05,731 [INFO] Starting direct file download in chunks of 131072 at 0, stride 131072
2026-01-21 10:48:06,134 [INFO] Starting direct file download in chunks of 131072 at 0, stride 131072
2026-01-21 10:48:06,660 [INFO] Starting direct file download in chunks of 131072 at 0, stride 131072
2026-01-21 10:48:07,279 [INFO] Starting direct file download in chunks of 131072 at 0, stride 131072
2026-01-21 10:48:07,485 [INFO] Starting direct file download in chunks of 131072 at 0, stride 131072
2026-01-21 10:48:08,074 [INFO] Starting direct file download in chunks of 131072 at 0, stride 131072
2026-01-21 10:48:08,550 [INFO] Starting direct file download in chunks of 131072 at 0, stride 131072
2026-01-21 10:48:09,092 [INFO] Starting direct file download in chunks of 131072 at 0, stride 131072
2026-01-21 10:48:09,539 [INFO] Starting direct file download in chunks of 131072 at 0, stride 131072
2026-01-21 10:48:10,072 [INFO] Starting direct file download in chunks of 131072 at 0, stride 131072
2026-01-21 10:48:10,390 [INFO] Starting direct file download in chunks of 131072 at 0, stride 131072
2026-01-21 10:48:11,037 [INFO] Starting direct file download in chunks of 131072 at 0, stride 131072
2026-01-21 10:48:11,524 [INFO] Starting direct file download in chunks of 131072 at 0, stride 131072
2026-01-21 10:48:12,304 [INFO] Starting direct file download in chunks of 131072 at 0, stride 131072
2026-01-21 10:48:12,468 [INFO] Starting direct file download in chunks of 131072 at 0, stride 131072
2026-01-21 10:48:12,788 [INFO] Starting direct file download in chunks of 131072 at 0, stride 131072
2026-01-21 10:48:13,280 [INFO] Starting direct file download in chunks of 131072 at 0, stride 131072
2026-01-21 10:48:13,548 [INFO] Starting direct file download in chunks of 131072 at 0, stride 131072
2026-01-21 10:48:13,935 [INFO] Starting direct file download in chunks of 131072 at 0, stride 131072
2026-01-21 10:48:14,902 [INFO] Starting direct file download in chunks of 131072 at 0, stride 131072
2026-01-21 10:48:15,237 [INFO] Starting direct file download in chunks of 131072 at 0, stride 131072
2026-01-21 10:48:15,515 [INFO] Starting direct file download in chunks of 131072 at 0, stride 131072
2026-01-21 10:48:16,353 [INFO] Starting direct file download in chunks of 131072 at 0, stride 131072
2026-01-21 10:48:16,519 [INFO] Starting direct file download in chunks of 131072 at 0, stride 131072
2026-01-21 10:48:17,042 [INFO] Starting direct file download in chunks of 131072 at 0, stride 131072
2026-01-21 10:48:17,468 [INFO] Starting direct file download in chunks of 131072 at 0, stride 131072
2026-01-21 10:48:18,008 [INFO] Starting direct file download in chunks of 131072 at 0, stride 131072
2026-01-21 10:48:18,473 [INFO] Starting direct file download in chunks of 131072 at 0, stride 131072
2026-01-21 10:48:19,026 [INFO] Starting direct file download in chunks of 131072 at 0, stride 131072
2026-01-21 10:48:19,478 [INFO] Starting direct file download in chunks of 131072 at 0, stride 131072
2026-01-21 10:48:20,047 [INFO] Starting direct file download in chunks of 131072 at 0, stride 131072
2026-01-21 10:48:20,352 [INFO] Starting direct file download in chunks of 131072 at 0, stride 131072
2026-01-21 10:48:20,637 [INFO] Starting direct file download in chunks of 131072 at 0, stride 131072
2026-01-21 10:48:21,045 [INFO] Starting direct file download in chunks of 131072 at 0, stride 131072
2026-01-21 10:48:21,544 [INFO] Starting direct file download in chunks of 131072 at 0, stride 131072
2026-01-21 10:48:22,136 [INFO] Starting direct file download in chunks of 131072 at 0, stride 131072
2026-01-21 10:48:22,335 [INFO] Starting direct file download in chunks of 131072 at 0, stride 131072
2026-01-21 10:48:22,684 [INFO] Starting direct file download in chunks of 131072 at 0, stride 131072
2026-01-21 10:48:23,461 [INFO] Starting direct file download in chunks of 131072 at 0, stride 131072
2026-01-21 10:48:24,048 [INFO] Starting direct file download in chunks of 131072 at 0, stride 131072
2026-01-21 10:48:24,304 [INFO] Starting direct file download in chunks of 131072 at 0, stride 131072
2026-01-21 10:48:24,720 [INFO] Starting direct file download in chunks of 131072 at 0, stride 131072
2026-01-21 10:48:25,102 [INFO] Starting direct file download in chunks of 131072 at 0, stride 131072
2026-01-21 10:48:25,499 [INFO] Starting direct file download in chunks of 131072 at 0, stride 131072
2026-01-21 10:48:25,726 [INFO] Starting direct file download in chunks of 131072 at 0, stride 131072
2026-01-21 10:48:25,924 [INFO] Starting direct file download in chunks of 131072 at 0, stride 131072
2026-01-21 10:48:26,575 [INFO] Starting direct file download in chunks of 131072 at 0, stride 131072
2026-01-21 10:48:27,014 [INFO] Starting direct file download in chunks of 131072 at 0, stride 131072
2026-01-21 10:48:27,557 [INFO] Starting direct file download in chunks of 131072 at 0, stride 131072
2026-01-21 10:48:28,085 [INFO] Starting direct file download in chunks of 131072 at 0, stride 131072
2026-01-21 10:48:28,625 [INFO] Starting direct file download in chunks of 131072 at 0, stride 131072
2026-01-21 10:48:29,005 [INFO] Starting direct file download in chunks of 131072 at 0, stride 131072
2026-01-21 10:48:29,307 [INFO] Starting direct file download in chunks of 131072 at 0, stride 131072
2026-01-21 10:48:29,565 [INFO] Starting direct file download in chunks of 131072 at 0, stride 131072
2026-01-21 10:48:30,033 [INFO] Starting direct file download in chunks of 131072 at 0, stride 131072
2026-01-21 10:48:30,443 [INFO] Starting direct file download in chunks of 131072 at 0, stride 131072
2026-01-21 10:48:30,804 [INFO] Starting direct file download in chunks of 131072 at 0, stride 131072
2026-01-21 10:48:30,979 [INFO] Starting direct file download in chunks of 131072 at 0, stride 131072
2026-01-21 10:48:31,505 [INFO] Starting direct file download in chunks of 131072 at 0, stride 131072
2026-01-21 10:48:31,851 [INFO] Starting direct file download in chunks of 131072 at 0, stride 131072
2026-01-21 10:48:32,141 [INFO] Starting direct file download in chunks of 131072 at 0, stride 131072
2026-01-21 10:48:32,404 [INFO] Starting direct file download in chunks of 131072 at 0, stride 131072
2026-01-21 10:48:33,118 [INFO] Starting direct file download in chunks of 131072 at 0, stride 131072
2026-01-21 10:48:33,626 [INFO] Starting direct file download in chunks of 131072 at 0, stride 131072
2026-01-21 10:48:34,212 [INFO] Starting direct file download in chunks of 131072 at 0, stride 131072
2026-01-21 10:48:34,424 [INFO] Starting direct file download in chunks of 131072 at 0, stride 131072
2026-01-21 10:48:34,625 [INFO] Starting direct file download in chunks of 131072 at 0, stride 131072
2026-01-21 10:48:34,953 [INFO] Starting direct file download in chunks of 131072 at 0, stride 131072
2026-01-21 10:48:35,424 [INFO] Starting direct file download in chunks of 131072 at 0, stride 131072
2026-01-21 10:48:35,799 [INFO] Starting direct file download in chunks of 131072 at 0, stride 131072
2026-01-21 10:48:36,546 [INFO] Starting direct file download in chunks of 131072 at 0, stride 131072
2026-01-21 10:48:36,735 [INFO] Starting direct file download in chunks of 131072 at 0, stride 131072
2026-01-21 10:48:37,286 [INFO] Starting direct file download in chunks of 131072 at 0, stride 131072
2026-01-21 10:48:38,013 [INFO] Starting direct file download in chunks of 131072 at 0, stride 131072
2026-01-21 10:48:38,943 [INFO] Starting direct file download in chunks of 131072 at 0, stride 131072
2026-01-21 10:48:39,691 [INFO] Starting direct file download in chunks of 131072 at 0, stride 131072
2026-01-21 10:48:39,962 [INFO] Starting direct file download in chunks of 131072 at 0, stride 131072
2026-01-21 10:48:40,576 [INFO] Starting direct file download in chunks of 131072 at 0, stride 131072
2026-01-21 10:48:40,834 [INFO] Starting direct file download in chunks of 131072 at 0, stride 131072
2026-01-21 10:48:41,043 [INFO] Starting direct file download in chunks of 131072 at 0, stride 131072
2026-01-21 10:48:41,759 [INFO] Starting direct file download in chunks of 131072 at 0, stride 131072
2026-01-21 10:48:42,142 [INFO] Starting direct file download in chunks of 131072 at 0, stride 131072
2026-01-21 10:48:42,639 [INFO] Starting direct file download in chunks of 131072 at 0, stride 131072
2026-01-21 10:48:42,814 [INFO] Starting direct file download in chunks of 131072 at 0, stride 131072
2026-01-21 10:48:42,982 [INFO] Starting direct file download in chunks of 131072 at 0, stride 131072
2026-01-21 10:48:43,202 [INFO] Starting direct file download in chunks of 131072 at 0, stride 131072
2026-01-21 10:48:43,994 [INFO] Starting direct file download in chunks of 131072 at 0, stride 131072
2026-01-21 10:48:44,538 [INFO] Starting direct file download in chunks of 131072 at 0, stride 131072
2026-01-21 10:48:44,926 [INFO] Starting direct file download in chunks of 131072 at 0, stride 131072
2026-01-21 10:48:45,788 [INFO] Starting direct file download in chunks of 131072 at 0, stride 131072
2026-01-21 10:48:46,565 [INFO] Starting direct file download in chunks of 131072 at 0, stride 131072
2026-01-21 10:48:47,302 [INFO] Starting direct file download in chunks of 131072 at 0, stride 131072
2026-01-21 10:48:47,502 [INFO] Starting direct file download in chunks of 131072 at 0, stride 131072
2026-01-21 10:48:48,186 [INFO] Starting direct file download in chunks of 131072 at 0, stride 131072
2026-01-21 10:48:48,551 [INFO] Starting direct file download in chunks of 131072 at 0, stride 131072
2026-01-21 10:48:48,881 [INFO] Starting direct file download in chunks of 131072 at 0, stride 131072
2026-01-21 10:48:49,343 [INFO] Starting direct file download in chunks of 131072 at 0, stride 131072
2026-01-21 10:48:49,977 [INFO] Starting direct file download in chunks of 131072 at 0, stride 131072
2026-01-21 10:48:50,348 [INFO] Starting direct file download in chunks of 131072 at 0, stride 131072
2026-01-21 10:48:51,153 [INFO] Starting direct file download in chunks of 131072 at 0, stride 131072
2026-01-21 10:48:51,511 [INFO] Starting direct file download in chunks of 131072 at 0, stride 131072
2026-01-21 10:48:52,512 [INFO] Starting direct file download in chunks of 131072 at 0, stride 131072
2026-01-21 10:48:53,012 [INFO] Starting direct file download in chunks of 131072 at 0, stride 131072
2026-01-21 10:48:53,527 [INFO] Starting direct file download in chunks of 131072 at 0, stride 131072
2026-01-21 10:48:54,414 [INFO] Starting direct file download in chunks of 131072 at 0, stride 131072
2026-01-21 10:48:54,775 [INFO] Starting direct file download in chunks of 131072 at 0, stride 131072
2026-01-21 10:48:55,167 [INFO] Starting direct file download in chunks of 131072 at 0, stride 131072
2026-01-21 10:48:55,518 [INFO] Starting direct file download in chunks of 131072 at 0, stride 131072
2026-01-21 10:48:56,031 [INFO] Starting direct file download in chunks of 131072 at 0, stride 131072
2026-01-21 10:48:56,772 [INFO] Starting direct file download in chunks of 131072 at 0, stride 131072
2026-01-21 10:48:56,996 [INFO] Starting direct file download in chunks of 131072 at 0, stride 131072
2026-01-21 10:48:57,325 [INFO] Starting direct file download in chunks of 131072 at 0, stride 131072
2026-01-21 10:48:58,215 [INFO] Starting direct file download in chunks of 131072 at 0, stride 131072
2026-01-21 10:48:58,834 [INFO] Starting direct file download in chunks of 131072 at 0, stride 131072
2026-01-21 10:48:59,699 [INFO] Starting direct file download in chunks of 131072 at 0, stride 131072
2026-01-21 10:49:00,293 [INFO] Starting direct file download in chunks of 131072 at 0, stride 131072
2026-01-21 10:49:00,740 [INFO] Starting direct file download in chunks of 131072 at 0, stride 131072
2026-01-21 10:49:01,170 [INFO] Starting direct file download in chunks of 131072 at 0, stride 131072
2026-01-21 10:49:01,747 [INFO] Starting direct file download in chunks of 131072 at 0, stride 131072
2026-01-21 10:49:02,043 [INFO] Starting direct file download in chunks of 131072 at 0, stride 131072
2026-01-21 10:49:02,219 [INFO] Starting direct file download in chunks of 131072 at 0, stride 131072
2026-01-21 10:49:03,056 [INFO] Starting direct file download in chunks of 131072 at 0, stride 131072
2026-01-21 10:49:03,878 [INFO] Starting direct file download in chunks of 131072 at 0, stride 131072
2026-01-21 10:49:04,214 [INFO] Starting direct file download in chunks of 131072 at 0, stride 131072
2026-01-21 10:49:04,625 [INFO] Starting direct file download in chunks of 131072 at 0, stride 131072
2026-01-21 10:49:05,695 [INFO] Starting direct file download in chunks of 131072 at 0, stride 131072
2026-01-21 10:49:06,207 [INFO] Starting direct file download in chunks of 131072 at 0, stride 131072
2026-01-21 10:49:06,732 [INFO] Starting direct file download in chunks of 131072 at 0, stride 131072
2026-01-21 10:49:07,093 [INFO] Starting direct file download in chunks of 131072 at 0, stride 131072
2026-01-21 10:49:07,616 [INFO] Starting direct file download in chunks of 131072 at 0, stride 131072
2026-01-21 10:49:07,968 [INFO] Starting direct file download in chunks of 131072 at 0, stride 131072
2026-01-21 10:49:08,398 [INFO] Starting direct file download in chunks of 131072 at 0, stride 131072
2026-01-21 10:49:08,789 [INFO] Starting direct file download in chunks of 131072 at 0, stride 131072
2026-01-21 10:49:09,842 [INFO] Starting direct file download in chunks of 131072 at 0, stride 131072
2026-01-21 10:49:10,393 [INFO] Starting direct file download in chunks of 131072 at 0, stride 131072
2026-01-21 10:49:11,133 [INFO] Starting direct file download in chunks of 131072 at 0, stride 131072
2026-01-21 10:49:11,617 [INFO] Starting direct file download in chunks of 131072 at 0, stride 131072
2026-01-21 10:49:12,293 [INFO] Starting direct file download in chunks of 131072 at 0, stride 131072
2026-01-21 10:49:13,202 [INFO] Starting direct file download in chunks of 131072 at 0, stride 131072
2026-01-21 10:49:13,366 [INFO] Starting direct file download in chunks of 131072 at 0, stride 131072
2026-01-21 10:49:13,809 [INFO] Starting direct file download in chunks of 131072 at 0, stride 131072
2026-01-21 10:49:13,992 [INFO] Starting direct file download in chunks of 131072 at 0, stride 131072
2026-01-21 10:49:14,188 [INFO] Starting direct file download in chunks of 131072 at 0, stride 131072
2026-01-21 10:49:14,642 [INFO] Starting direct file download in chunks of 131072 at 0, stride 131072
2026-01-21 10:49:15,126 [INFO] Starting direct file download in chunks of 131072 at 0, stride 131072
2026-01-21 10:49:15,528 [INFO] Starting direct file download in chunks of 131072 at 0, stride 131072
2026-01-21 10:49:16,017 [INFO] Starting direct file download in chunks of 131072 at 0, stride 131072
2026-01-21 10:49:16,864 [INFO] Starting direct file download in chunks of 131072 at 0, stride 131072
2026-01-21 10:49:17,792 [INFO] Starting direct file download in chunks of 131072 at 0, stride 131072
2026-01-21 10:49:18,388 [INFO] Starting direct file download in chunks of 131072 at 0, stride 131072
2026-01-21 10:49:18,985 [INFO] Starting direct file download in chunks of 131072 at 0, stride 131072
2026-01-21 10:49:19,639 [INFO] Starting direct file download in chunks of 131072 at 0, stride 131072
2026-01-21 10:49:20,269 [INFO] Starting direct file download in chunks of 131072 at 0, stride 131072
2026-01-21 10:49:20,861 [INFO] Starting direct file download in chunks of 131072 at 0, stride 131072
2026-01-21 10:49:21,444 [INFO] Starting direct file download in chunks of 131072 at 0, stride 131072
2026-01-21 10:49:21,825 [INFO] Starting direct file download in chunks of 131072 at 0, stride 131072
2026-01-21 10:49:22,330 [INFO] Starting direct file download in chunks of 131072 at 0, stride 131072
2026-01-21 10:49:23,746 [INFO] Starting direct file download in chunks of 131072 at 0, stride 131072
2026-01-21 10:49:24,284 [INFO] Starting direct file download in chunks of 131072 at 0, stride 131072
2026-01-21 10:49:24,663 [INFO] Starting direct file download in chunks of 131072 at 0, stride 131072
2026-01-21 10:49:25,716 [INFO] Starting direct file download in chunks of 131072 at 0, stride 131072
2026-01-21 10:49:25,882 [INFO] Starting direct file download in chunks of 131072 at 0, stride 131072
2026-01-21 10:49:26,929 [INFO] Starting direct file download in chunks of 131072 at 0, stride 131072
2026-01-21 10:49:27,483 [INFO] Starting direct file download in chunks of 131072 at 0, stride 131072
2026-01-21 10:49:28,075 [INFO] Starting direct file download in chunks of 131072 at 0, stride 131072
2026-01-21 10:49:28,659 [INFO] Starting direct file download in chunks of 131072 at 0, stride 131072
2026-01-21 10:49:29,497 [INFO] Starting direct file download in chunks of 131072 at 0, stride 131072
2026-01-21 10:49:30,169 [INFO] Starting direct file download in chunks of 131072 at 0, stride 131072
2026-01-21 10:49:30,751 [INFO] Starting direct file download in chunks of 131072 at 0, stride 131072
2026-01-21 10:49:31,349 [INFO] Starting direct file download in chunks of 131072 at 0, stride 131072
2026-01-21 10:49:31,792 [INFO] Starting direct file download in chunks of 131072 at 0, stride 131072
2026-01-21 10:49:32,258 [INFO] Starting direct file download in chunks of 131072 at 0, stride 131072
2026-01-21 10:49:32,448 [INFO] Starting direct file download in chunks of 131072 at 0, stride 131072
2026-01-21 10:49:32,980 [INFO] Starting direct file download in chunks of 131072 at 0, stride 131072
2026-01-21 10:49:33,786 [INFO] Starting direct file download in chunks of 131072 at 0, stride 131072
2026-01-21 10:49:35,029 [INFO] Starting direct file download in chunks of 131072 at 0, stride 131072
2026-01-21 10:49:35,820 [INFO] Starting direct file download in chunks of 131072 at 0, stride 131072
2026-01-21 10:49:36,420 [INFO] Starting direct file download in chunks of 131072 at 0, stride 131072
2026-01-21 10:49:36,863 [INFO] Starting direct file download in chunks of 131072 at 0, stride 131072
2026-01-21 10:49:37,321 [INFO] Starting direct file download in chunks of 131072 at 0, stride 131072
2026-01-21 10:49:37,939 [INFO] Saved 200 messages to C:\Users\Robel\OneDrive\Desktop\medical-telegram-warehouse\medical-telegram-warehouse\data\raw\telegram_messages\2026-01-21\lobelia4cosmetics.json
2026-01-21 10:49:37,941 [INFO] Scraping channel: tikvahpharma
2026-01-21 10:49:38,767 [INFO] Starting direct file download in chunks of 131072 at 0, stride 131072
2026-01-21 10:49:38,984 [INFO] Starting direct file download in chunks of 131072 at 0, stride 131072
2026-01-21 10:49:39,206 [INFO] Starting direct file download in chunks of 131072 at 0, stride 131072
2026-01-21 10:49:40,334 [INFO] Starting direct file download in chunks of 131072 at 0, stride 131072
2026-01-21 10:49:40,827 [INFO] Starting direct file download in chunks of 131072 at 0, stride 131072
2026-01-21 10:49:41,966 [INFO] Starting direct file download in chunks of 131072 at 0, stride 131072
2026-01-21 10:49:43,089 [INFO] Starting direct file download in chunks of 131072 at 0, stride 131072
2026-01-21 10:49:43,511 [INFO] Starting direct file download in chunks of 131072 at 0, stride 131072
2026-01-21 10:49:44,012 [INFO] Starting direct file download in chunks of 131072 at 0, stride 131072
2026-01-21 10:49:44,684 [INFO] Starting direct file download in chunks of 131072 at 0, stride 131072
2026-01-21 10:49:47,416 [INFO] Starting direct file download in chunks of 131072 at 0, stride 131072
2026-01-21 10:49:48,861 [INFO] Starting direct file download in chunks of 131072 at 0, stride 131072
2026-01-21 10:49:49,576 [INFO] Starting direct file download in chunks of 131072 at 0, stride 131072
2026-01-21 10:49:50,082 [INFO] Starting direct file download in chunks of 131072 at 0, stride 131072
2026-01-21 10:49:52,791 [INFO] Starting direct file download in chunks of 131072 at 0, stride 131072
2026-01-21 10:49:53,751 [INFO] Starting direct file download in chunks of 131072 at 0, stride 131072
2026-01-21 10:49:54,234 [INFO] Starting direct file download in chunks of 131072 at 0, stride 131072
2026-01-21 10:49:55,467 [INFO] Starting direct file download in chunks of 131072 at 0, stride 131072
2026-01-21 10:49:56,020 [INFO] Starting direct file download in chunks of 131072 at 0, stride 131072
2026-01-21 10:49:57,343 [INFO] Starting direct file download in chunks of 131072 at 0, stride 131072
2026-01-21 10:49:58,092 [INFO] Starting direct file download in chunks of 131072 at 0, stride 131072
2026-01-21 10:49:58,947 [INFO] Starting direct file download in chunks of 131072 at 0, stride 131072
2026-01-21 10:50:00,671 [INFO] Starting direct file download in chunks of 131072 at 0, stride 131072
2026-01-21 10:50:03,679 [INFO] Starting direct file download in chunks of 131072 at 0, stride 131072
2026-01-21 10:50:05,048 [INFO] Starting direct file download in chunks of 131072 at 0, stride 131072
2026-01-21 10:50:06,713 [INFO] Starting direct file download in chunks of 131072 at 0, stride 131072
2026-01-21 10:50:08,498 [INFO] Starting direct file download in chunks of 131072 at 0, stride 131072
2026-01-21 10:50:10,000 [INFO] Starting direct file download in chunks of 131072 at 0, stride 131072
2026-01-21 10:50:11,553 [INFO] Starting direct file download in chunks of 131072 at 0, stride 131072
2026-01-21 10:50:12,160 [INFO] Starting direct file download in chunks of 131072 at 0, stride 131072
2026-01-21 10:50:14,398 [INFO] Starting direct file download in chunks of 131072 at 0, stride 131072
2026-01-21 10:50:14,763 [INFO] Starting direct file download in chunks of 131072 at 0, stride 131072
2026-01-21 10:50:15,413 [INFO] Starting direct file download in chunks of 131072 at 0, stride 131072
2026-01-21 10:50:15,908 [INFO] Starting direct file download in chunks of 131072 at 0, stride 131072
2026-01-21 10:50:16,249 [INFO] Starting direct file download in chunks of 131072 at 0, stride 131072
2026-01-21 10:50:19,126 [INFO] Starting direct file download in chunks of 131072 at 0, stride 131072
2026-01-21 10:50:20,025 [INFO] Starting direct file download in chunks of 131072 at 0, stride 131072
2026-01-21 10:50:20,565 [INFO] Starting direct file download in chunks of 131072 at 0, stride 131072
2026-01-21 10:50:21,360 [INFO] Starting direct file download in chunks of 131072 at 0, stride 131072
2026-01-21 10:50:21,804 [INFO] Starting direct file download in chunks of 131072 at 0, stride 131072
2026-01-21 10:50:22,428 [INFO] Starting direct file download in chunks of 131072 at 0, stride 131072
2026-01-21 10:50:23,246 [INFO] Starting direct file download in chunks of 131072 at 0, stride 131072
2026-01-21 10:50:27,404 [INFO] Starting direct file download in chunks of 131072 at 0, stride 131072
2026-01-21 10:50:30,013 [INFO] Starting direct file download in chunks of 131072 at 0, stride 131072
2026-01-21 10:50:30,675 [INFO] Starting direct file download in chunks of 131072 at 0, stride 131072
2026-01-21 10:50:32,236 [INFO] Starting direct file download in chunks of 131072 at 0, stride 131072
2026-01-21 10:50:32,905 [INFO] Starting direct file download in chunks of 131072 at 0, stride 131072
2026-01-21 10:50:33,916 [INFO] Starting direct file download in chunks of 131072 at 0, stride 131072
2026-01-21 10:50:36,186 [INFO] Starting direct file download in chunks of 131072 at 0, stride 131072
2026-01-21 10:50:38,946 [INFO] Starting direct file download in chunks of 131072 at 0, stride 131072
2026-01-21 10:50:41,599 [INFO] Starting direct file download in chunks of 131072 at 0, stride 131072
2026-01-21 10:50:42,627 [INFO] Starting direct file download in chunks of 131072 at 0, stride 131072
2026-01-21 10:50:44,724 [INFO] Starting direct file download in chunks of 131072 at 0, stride 131072
2026-01-21 10:50:45,045 [INFO] Starting direct file download in chunks of 131072 at 0, stride 131072
2026-01-21 10:50:46,707 [INFO] Starting direct file download in chunks of 131072 at 0, stride 131072
2026-01-21 10:50:51,770 [INFO] Starting direct file download in chunks of 131072 at 0, stride 131072
2026-01-21 10:50:52,862 [INFO] Starting direct file download in chunks of 131072 at 0, stride 131072
2026-01-21 10:50:54,913 [INFO] Starting direct file download in chunks of 131072 at 0, stride 131072
2026-01-21 10:50:56,575 [INFO] Starting direct file download in chunks of 131072 at 0, stride 131072
2026-01-21 10:50:57,050 [INFO] Starting direct file download in chunks of 131072 at 0, stride 131072
2026-01-21 10:50:58,116 [INFO] Starting direct file download in chunks of 131072 at 0, stride 131072
2026-01-21 10:50:58,732 [INFO] Starting direct file download in chunks of 131072 at 0, stride 131072
2026-01-21 10:51:03,776 [INFO] Starting direct file download in chunks of 131072 at 0, stride 131072
2026-01-21 10:51:06,293 [INFO] Starting direct file download in chunks of 131072 at 0, stride 131072
2026-01-21 10:51:09,469 [INFO] Starting direct file download in chunks of 131072 at 0, stride 131072
2026-01-21 10:51:09,912 [INFO] Starting direct file download in chunks of 131072 at 0, stride 131072
2026-01-21 10:51:11,491 [INFO] Starting direct file download in chunks of 131072 at 0, stride 131072
2026-01-21 10:51:12,578 [INFO] Starting direct file download in chunks of 131072 at 0, stride 131072
2026-01-21 10:51:14,386 [INFO] Starting direct file download in chunks of 131072 at 0, stride 131072
2026-01-21 10:51:16,730 [INFO] Starting direct file download in chunks of 131072 at 0, stride 131072
2026-01-21 10:51:17,004 [INFO] Starting direct file download in chunks of 131072 at 0, stride 131072
2026-01-21 10:51:17,705 [INFO] Starting direct file download in chunks of 131072 at 0, stride 131072
2026-01-21 10:51:19,944 [INFO] Starting direct file download in chunks of 131072 at 0, stride 131072
2026-01-21 10:51:21,566 [INFO] Starting direct file download in chunks of 131072 at 0, stride 131072
2026-01-21 10:51:23,483 [INFO] Starting direct file download in chunks of 131072 at 0, stride 131072
2026-01-21 10:51:24,928 [INFO] Starting direct file download in chunks of 131072 at 0, stride 131072
2026-01-21 10:51:25,887 [INFO] Starting direct file download in chunks of 131072 at 0, stride 131072
2026-01-21 10:51:26,670 [INFO] Saved 200 messages to C:\Users\Robel\OneDrive\Desktop\medical-telegram-warehouse\medical-telegram-warehouse\data\raw\telegram_messages\2026-01-21\tikvahpharma.json
2026-01-21 10:51:26,671 [INFO] Done scraping.
2026-01-21 10:51:26,672 [INFO] Disconnecting from 149.154.167.91:443/TcpFull...
2026-01-21 10:51:26,673 [INFO] Disconnection from 149.154.167.91:443/TcpFull complete!
